<?xml version="1.0" encoding="UTF-8"?>
<testng-results ignored="0" total="1" passed="1" failed="0" skipped="0">
  <reporter-output>
  </reporter-output>
  <suite started-at="2023-01-03T19:17:31 IST" name="TAG Regression Suite" finished-at="2023-01-03T19:17:40 IST" duration-ms="8377">
    <groups>
    </groups>
    <test started-at="2023-01-03T19:17:31 IST" name="Regression Test Flows" finished-at="2023-01-03T19:17:40 IST" duration-ms="8377">
      <class name="testCases.TC_01">
        <test-method is-config="true" signature="setup()[pri:0, instance:testCases.TC_01@27c86f2d]" started-at="2023-01-03T19:17:31 IST" name="setup" finished-at="2023-01-03T19:17:38 IST" duration-ms="6708" status="PASS">
          <reporter-output>
          </reporter-output>
        </test-method> <!-- setup -->
        <test-method signature="loginTest()[pri:0, instance:testCases.TC_01@27c86f2d]" started-at="2023-01-03T19:17:38 IST" name="loginTest" finished-at="2023-01-03T19:17:39 IST" duration-ms="1478" status="PASS">
          <reporter-output>
          </reporter-output>
        </test-method> <!-- loginTest -->
        <test-method is-config="true" signature="teardown()[pri:0, instance:testCases.TC_01@27c86f2d]" started-at="2023-01-03T19:17:39 IST" name="teardown" finished-at="2023-01-03T19:17:40 IST" duration-ms="175" status="PASS">
          <reporter-output>
          </reporter-output>
        </test-method> <!-- teardown -->
      </class> <!-- testCases.TC_01 -->
    </test> <!-- Regression Test Flows -->
  </suite> <!-- TAG Regression Suite -->
</testng-results>
